# Logfile created on 2014-04-01 09:44:20 -0400 by logger.rb/31641
I, [2014-04-01T09:44:20.660177 #337732]  INFO -- : 0:  rake (10.2.2) from /var/lib/stickshift/5338b5de5973cac9bb0005e5/app-root/data/lib/ruby/gems/specifications/rake-10.2.2.gemspec
I, [2014-04-01T09:44:20.679599 #337732]  INFO -- : 0:  i18n (0.6.9) from /usr/libexec/openshift/cartridges/c9-0.1/root/lib/ruby/gems/specifications/i18n-0.6.9.gemspec
I, [2014-04-01T09:44:20.685350 #337732]  INFO -- : 0:  minitest (4.7.5) from /usr/libexec/openshift/cartridges/c9-0.1/root/lib/ruby/gems/specifications/minitest-4.7.5.gemspec
I, [2014-04-01T09:44:26.763664 #337732]  INFO -- : 0:  multi_json (1.9.2) from /var/lib/stickshift/5338b5de5973cac9bb0005e5/app-root/data/lib/ruby/gems/specifications/multi_json-1.9.2.gemspec
I, [2014-04-01T09:44:49.976886 #337732]  INFO -- : 0:  atomic (1.1.16) from /var/lib/stickshift/5338b5de5973cac9bb0005e5/app-root/data/lib/ruby/gems/specifications/atomic-1.1.16.gemspec
I, [2014-04-01T09:44:54.487698 #337732]  INFO -- : 0:  thread_safe (0.3.1) from /var/lib/stickshift/5338b5de5973cac9bb0005e5/app-root/data/lib/ruby/gems/specifications/thread_safe-0.3.1.gemspec
I, [2014-04-01T09:45:16.241871 #337732]  INFO -- : 0:  tzinfo (0.3.39) from /var/lib/stickshift/5338b5de5973cac9bb0005e5/app-root/data/lib/ruby/gems/specifications/tzinfo-0.3.39.gemspec
I, [2014-04-01T09:45:16.249964 #337732]  INFO -- : 0:  activesupport (4.0.0) from /usr/libexec/openshift/cartridges/c9-0.1/root/lib/ruby/gems/specifications/activesupport-4.0.0.gemspec
I, [2014-04-01T09:45:16.250477 #337732]  INFO -- : 0:  builder (3.1.4) from /usr/libexec/openshift/cartridges/c9-0.1/root/lib/ruby/gems/specifications/builder-3.1.4.gemspec
I, [2014-04-01T09:45:16.250920 #337732]  INFO -- : 0:  erubis (2.7.0) from /usr/libexec/openshift/cartridges/c9-0.1/root/lib/ruby/gems/specifications/erubis-2.7.0.gemspec
I, [2014-04-01T09:45:16.257625 #337732]  INFO -- : 0:  rack (1.5.2) from /usr/libexec/openshift/cartridges/c9-0.1/root/lib/ruby/gems/specifications/rack-1.5.2.gemspec
I, [2014-04-01T09:45:16.262316 #337732]  INFO -- : 0:  rack-test (0.6.2) from /usr/libexec/openshift/cartridges/c9-0.1/root/lib/ruby/gems/specifications/rack-test-0.6.2.gemspec
I, [2014-04-01T09:45:16.262875 #337732]  INFO -- : 0:  actionpack (4.0.0) from /usr/libexec/openshift/cartridges/c9-0.1/root/lib/ruby/gems/specifications/actionpack-4.0.0.gemspec
I, [2014-04-01T09:45:16.269924 #337732]  INFO -- : 0:  mime-types (1.25.1) from /usr/libexec/openshift/cartridges/c9-0.1/root/lib/ruby/gems/specifications/mime-types-1.25.1.gemspec
I, [2014-04-01T09:45:18.259845 #337732]  INFO -- : 0:  polyglot (0.3.4) from /var/lib/stickshift/5338b5de5973cac9bb0005e5/app-root/data/lib/ruby/gems/specifications/polyglot-0.3.4.gemspec
I, [2014-04-01T09:45:18.266261 #337732]  INFO -- : 0:  treetop (1.4.15) from /usr/libexec/openshift/cartridges/c9-0.1/root/lib/ruby/gems/specifications/treetop-1.4.15.gemspec
I, [2014-04-01T09:45:18.266793 #337732]  INFO -- : 0:  mail (2.5.4) from /usr/libexec/openshift/cartridges/c9-0.1/root/lib/ruby/gems/specifications/mail-2.5.4.gemspec
I, [2014-04-01T09:45:18.270467 #337732]  INFO -- : 0:  actionmailer (4.0.0) from /usr/libexec/openshift/cartridges/c9-0.1/root/lib/ruby/gems/specifications/actionmailer-4.0.0.gemspec
I, [2014-04-01T09:45:18.270969 #337732]  INFO -- : 0:  activemodel (4.0.0) from /usr/libexec/openshift/cartridges/c9-0.1/root/lib/ruby/gems/specifications/activemodel-4.0.0.gemspec
I, [2014-04-01T09:45:18.271658 #337732]  INFO -- : 0:  activerecord-deprecated_finders (1.0.3) from /usr/libexec/openshift/cartridges/c9-0.1/root/lib/ruby/gems/specifications/activerecord-deprecated_finders-1.0.3.gemspec
I, [2014-04-01T09:45:22.672644 #337732]  INFO -- : 0:  arel (4.0.2) from /var/lib/stickshift/5338b5de5973cac9bb0005e5/app-root/data/lib/ruby/gems/specifications/arel-4.0.2.gemspec
I, [2014-04-01T09:45:22.673574 #337732]  INFO -- : 0:  activerecord (4.0.0) from /usr/libexec/openshift/cartridges/c9-0.1/root/lib/ruby/gems/specifications/activerecord-4.0.0.gemspec
I, [2014-04-01T09:45:22.674177 #337732]  INFO -- : 0:  bundler (1.5.1) from /usr/libexec/openshift/cartridges/c9-0.1/root/lib/ruby/gems/specifications/bundler-1.5.1.gemspec
I, [2014-04-01T09:45:23.755569 #337732]  INFO -- : 0:  coffee-script-source (1.7.0) from /var/lib/stickshift/5338b5de5973cac9bb0005e5/app-root/data/lib/ruby/gems/specifications/coffee-script-source-1.7.0.gemspec
I, [2014-04-01T09:45:23.756424 #337732]  INFO -- : 0:  execjs (2.0.2) from /usr/libexec/openshift/cartridges/c9-0.1/root/lib/ruby/gems/specifications/execjs-2.0.2.gemspec
I, [2014-04-01T09:45:23.757791 #337732]  INFO -- : 0:  coffee-script (2.2.0) from /usr/libexec/openshift/cartridges/c9-0.1/root/lib/ruby/gems/specifications/coffee-script-2.2.0.gemspec
I, [2014-04-01T09:45:28.035415 #337732]  INFO -- : 0:  thor (0.19.1) from /var/lib/stickshift/5338b5de5973cac9bb0005e5/app-root/data/lib/ruby/gems/specifications/thor-0.19.1.gemspec
I, [2014-04-01T09:45:28.036298 #337732]  INFO -- : 0:  railties (4.0.0) from /usr/libexec/openshift/cartridges/c9-0.1/root/lib/ruby/gems/specifications/railties-4.0.0.gemspec
I, [2014-04-01T09:45:28.037929 #337732]  INFO -- : 0:  coffee-rails (4.0.1) from /usr/libexec/openshift/cartridges/c9-0.1/root/lib/ruby/gems/specifications/coffee-rails-4.0.1.gemspec
I, [2014-04-01T09:45:28.038425 #337732]  INFO -- : 0:  hike (1.2.3) from /usr/libexec/openshift/cartridges/c9-0.1/root/lib/ruby/gems/specifications/hike-1.2.3.gemspec
I, [2014-04-01T09:45:28.038905 #337732]  INFO -- : 0:  jbuilder (1.5.3) from /usr/libexec/openshift/cartridges/c9-0.1/root/lib/ruby/gems/specifications/jbuilder-1.5.3.gemspec
I, [2014-04-01T09:45:32.048641 #337732]  INFO -- : 0:  jquery-rails (3.1.0) from /var/lib/stickshift/5338b5de5973cac9bb0005e5/app-root/data/lib/ruby/gems/specifications/jquery-rails-3.1.0.gemspec
I, [2014-04-01T09:45:32.058125 #337732]  INFO -- : 0:  json (1.8.1) from /usr/libexec/openshift/cartridges/c9-0.1/root/lib/ruby/gems/specifications/json-1.8.1.gemspec
I, [2014-04-01T09:45:32.058729 #337732]  INFO -- : 0:  tilt (1.4.1) from /usr/libexec/openshift/cartridges/c9-0.1/root/lib/ruby/gems/specifications/tilt-1.4.1.gemspec
I, [2014-04-01T09:45:35.097927 #337732]  INFO -- : 0:  sprockets (2.11.0) from /var/lib/stickshift/5338b5de5973cac9bb0005e5/app-root/data/lib/ruby/gems/specifications/sprockets-2.11.0.gemspec
I, [2014-04-01T09:45:35.098716 #337732]  INFO -- : 0:  sprockets-rails (2.0.1) from /usr/libexec/openshift/cartridges/c9-0.1/root/lib/ruby/gems/specifications/sprockets-rails-2.0.1.gemspec
I, [2014-04-01T09:45:35.103622 #337732]  INFO -- : 0:  rails (4.0.0) from /usr/libexec/openshift/cartridges/c9-0.1/root/lib/ruby/gems/specifications/rails-4.0.0.gemspec
I, [2014-04-01T09:45:35.104340 #337732]  INFO -- : 0:  rdoc (4.1.1) from /usr/libexec/openshift/cartridges/c9-0.1/root/lib/ruby/gems/specifications/rdoc-4.1.1.gemspec
I, [2014-04-01T09:45:45.196507 #337732]  INFO -- : 0:  sass (3.2.18) from /var/lib/stickshift/5338b5de5973cac9bb0005e5/app-root/data/lib/ruby/gems/specifications/sass-3.2.18.gemspec
I, [2014-04-01T09:45:56.175100 #337732]  INFO -- : 0:  sass-rails (4.0.2) from /var/lib/stickshift/5338b5de5973cac9bb0005e5/app-root/data/lib/ruby/gems/specifications/sass-rails-4.0.2.gemspec
I, [2014-04-01T09:45:56.175847 #337732]  INFO -- : 0:  sdoc (0.4.0) from /usr/libexec/openshift/cartridges/c9-0.1/root/lib/ruby/gems/specifications/sdoc-0.4.0.gemspec
I, [2014-04-01T09:46:44.306250 #337732]  INFO -- : 0:  sqlite3 (1.3.9) from /var/lib/stickshift/5338b5de5973cac9bb0005e5/app-root/data/lib/ruby/gems/specifications/sqlite3-1.3.9.gemspec
I, [2014-04-01T09:46:48.052742 #337732]  INFO -- : 0:  turbolinks (2.2.1) from /var/lib/stickshift/5338b5de5973cac9bb0005e5/app-root/data/lib/ruby/gems/specifications/turbolinks-2.2.1.gemspec
I, [2014-04-01T09:46:50.145282 #337732]  INFO -- : 0:  uglifier (2.5.0) from /var/lib/stickshift/5338b5de5973cac9bb0005e5/app-root/data/lib/ruby/gems/specifications/uglifier-2.5.0.gemspec
I, [2014-04-01T09:49:38.905784 #344760]  INFO -- : 0:  rake (10.2.2) from /var/lib/stickshift/5338b5de5973cac9bb0005e5/app-root/data/lib/ruby/gems/specifications/rake-10.2.2.gemspec
I, [2014-04-01T09:49:38.906495 #344760]  INFO -- : 0:  i18n (0.6.9) from /usr/libexec/openshift/cartridges/c9-0.1/root/lib/ruby/gems/specifications/i18n-0.6.9.gemspec
I, [2014-04-01T09:49:38.906958 #344760]  INFO -- : 0:  minitest (4.7.5) from /usr/libexec/openshift/cartridges/c9-0.1/root/lib/ruby/gems/specifications/minitest-4.7.5.gemspec
I, [2014-04-01T09:49:38.907400 #344760]  INFO -- : 0:  multi_json (1.9.2) from /var/lib/stickshift/5338b5de5973cac9bb0005e5/app-root/data/lib/ruby/gems/specifications/multi_json-1.9.2.gemspec
I, [2014-04-01T09:49:38.917739 #344760]  INFO -- : 0:  atomic (1.1.16) from /var/lib/stickshift/5338b5de5973cac9bb0005e5/app-root/data/lib/ruby/gems/specifications/atomic-1.1.16.gemspec
I, [2014-04-01T09:49:38.918311 #344760]  INFO -- : 0:  thread_safe (0.3.1) from /var/lib/stickshift/5338b5de5973cac9bb0005e5/app-root/data/lib/ruby/gems/specifications/thread_safe-0.3.1.gemspec
I, [2014-04-01T09:49:38.918755 #344760]  INFO -- : 0:  tzinfo (0.3.39) from /var/lib/stickshift/5338b5de5973cac9bb0005e5/app-root/data/lib/ruby/gems/specifications/tzinfo-0.3.39.gemspec
I, [2014-04-01T09:50:05.248742 #344760]  INFO -- : 0:  activesupport (4.0.2) from /var/lib/stickshift/5338b5de5973cac9bb0005e5/app-root/data/lib/ruby/gems/specifications/activesupport-4.0.2.gemspec
I, [2014-04-01T09:50:05.264892 #344760]  INFO -- : 0:  builder (3.1.4) from /usr/libexec/openshift/cartridges/c9-0.1/root/lib/ruby/gems/specifications/builder-3.1.4.gemspec
I, [2014-04-01T09:50:05.265355 #344760]  INFO -- : 0:  erubis (2.7.0) from /usr/libexec/openshift/cartridges/c9-0.1/root/lib/ruby/gems/specifications/erubis-2.7.0.gemspec
I, [2014-04-01T09:50:05.278485 #344760]  INFO -- : 0:  rack (1.5.2) from /usr/libexec/openshift/cartridges/c9-0.1/root/lib/ruby/gems/specifications/rack-1.5.2.gemspec
I, [2014-04-01T09:50:05.289667 #344760]  INFO -- : 0:  rack-test (0.6.2) from /usr/libexec/openshift/cartridges/c9-0.1/root/lib/ruby/gems/specifications/rack-test-0.6.2.gemspec
I, [2014-04-01T09:50:49.086795 #344760]  INFO -- : 0:  actionpack (4.0.2) from /var/lib/stickshift/5338b5de5973cac9bb0005e5/app-root/data/lib/ruby/gems/specifications/actionpack-4.0.2.gemspec
I, [2014-04-01T09:50:49.100394 #344760]  INFO -- : 0:  mime-types (1.25.1) from /usr/libexec/openshift/cartridges/c9-0.1/root/lib/ruby/gems/specifications/mime-types-1.25.1.gemspec
I, [2014-04-01T09:50:49.133136 #344760]  INFO -- : 0:  polyglot (0.3.4) from /var/lib/stickshift/5338b5de5973cac9bb0005e5/app-root/data/lib/ruby/gems/specifications/polyglot-0.3.4.gemspec
I, [2014-04-01T09:50:49.214888 #344760]  INFO -- : 0:  treetop (1.4.15) from /usr/libexec/openshift/cartridges/c9-0.1/root/lib/ruby/gems/specifications/treetop-1.4.15.gemspec
I, [2014-04-01T09:50:49.215630 #344760]  INFO -- : 0:  mail (2.5.4) from /usr/libexec/openshift/cartridges/c9-0.1/root/lib/ruby/gems/specifications/mail-2.5.4.gemspec
I, [2014-04-01T09:51:04.838592 #344760]  INFO -- : 0:  actionmailer (4.0.2) from /var/lib/stickshift/5338b5de5973cac9bb0005e5/app-root/data/lib/ruby/gems/specifications/actionmailer-4.0.2.gemspec
I, [2014-04-01T09:51:27.399921 #344760]  INFO -- : 0:  activemodel (4.0.2) from /var/lib/stickshift/5338b5de5973cac9bb0005e5/app-root/data/lib/ruby/gems/specifications/activemodel-4.0.2.gemspec
I, [2014-04-01T09:51:27.513881 #344760]  INFO -- : 0:  activerecord-deprecated_finders (1.0.3) from /usr/libexec/openshift/cartridges/c9-0.1/root/lib/ruby/gems/specifications/activerecord-deprecated_finders-1.0.3.gemspec
I, [2014-04-01T09:51:27.514625 #344760]  INFO -- : 0:  arel (4.0.2) from /var/lib/stickshift/5338b5de5973cac9bb0005e5/app-root/data/lib/ruby/gems/specifications/arel-4.0.2.gemspec
I, [2014-04-01T09:52:16.356772 #344760]  INFO -- : 0:  activerecord (4.0.2) from /var/lib/stickshift/5338b5de5973cac9bb0005e5/app-root/data/lib/ruby/gems/specifications/activerecord-4.0.2.gemspec
I, [2014-04-01T09:52:16.373529 #344760]  INFO -- : 0:  bundler (1.5.1) from /usr/libexec/openshift/cartridges/c9-0.1/root/lib/ruby/gems/specifications/bundler-1.5.1.gemspec
I, [2014-04-01T09:52:16.383835 #344760]  INFO -- : 0:  coffee-script-source (1.7.0) from /var/lib/stickshift/5338b5de5973cac9bb0005e5/app-root/data/lib/ruby/gems/specifications/coffee-script-source-1.7.0.gemspec
I, [2014-04-01T09:52:16.430868 #344760]  INFO -- : 0:  execjs (2.0.2) from /usr/libexec/openshift/cartridges/c9-0.1/root/lib/ruby/gems/specifications/execjs-2.0.2.gemspec
I, [2014-04-01T09:52:16.431407 #344760]  INFO -- : 0:  coffee-script (2.2.0) from /usr/libexec/openshift/cartridges/c9-0.1/root/lib/ruby/gems/specifications/coffee-script-2.2.0.gemspec
I, [2014-04-01T09:52:16.431885 #344760]  INFO -- : 0:  thor (0.19.1) from /var/lib/stickshift/5338b5de5973cac9bb0005e5/app-root/data/lib/ruby/gems/specifications/thor-0.19.1.gemspec
I, [2014-04-01T09:52:48.201545 #344760]  INFO -- : 0:  railties (4.0.2) from /var/lib/stickshift/5338b5de5973cac9bb0005e5/app-root/data/lib/ruby/gems/specifications/railties-4.0.2.gemspec
I, [2014-04-01T09:52:48.202441 #344760]  INFO -- : 0:  coffee-rails (4.0.1) from /usr/libexec/openshift/cartridges/c9-0.1/root/lib/ruby/gems/specifications/coffee-rails-4.0.1.gemspec
I, [2014-04-01T09:52:48.202908 #344760]  INFO -- : 0:  hike (1.2.3) from /usr/libexec/openshift/cartridges/c9-0.1/root/lib/ruby/gems/specifications/hike-1.2.3.gemspec
I, [2014-04-01T09:52:48.224691 #344760]  INFO -- : 0:  jbuilder (1.5.3) from /usr/libexec/openshift/cartridges/c9-0.1/root/lib/ruby/gems/specifications/jbuilder-1.5.3.gemspec
I, [2014-04-01T09:52:48.250882 #344760]  INFO -- : 0:  jquery-rails (3.1.0) from /var/lib/stickshift/5338b5de5973cac9bb0005e5/app-root/data/lib/ruby/gems/specifications/jquery-rails-3.1.0.gemspec
I, [2014-04-01T09:52:48.251549 #344760]  INFO -- : 0:  json (1.8.1) from /usr/libexec/openshift/cartridges/c9-0.1/root/lib/ruby/gems/specifications/json-1.8.1.gemspec
I, [2014-04-01T09:52:48.292455 #344760]  INFO -- : 0:  tilt (1.4.1) from /usr/libexec/openshift/cartridges/c9-0.1/root/lib/ruby/gems/specifications/tilt-1.4.1.gemspec
I, [2014-04-01T09:52:48.314574 #344760]  INFO -- : 0:  sprockets (2.11.0) from /var/lib/stickshift/5338b5de5973cac9bb0005e5/app-root/data/lib/ruby/gems/specifications/sprockets-2.11.0.gemspec
I, [2014-04-01T09:52:48.334546 #344760]  INFO -- : 0:  sprockets-rails (2.0.1) from /usr/libexec/openshift/cartridges/c9-0.1/root/lib/ruby/gems/specifications/sprockets-rails-2.0.1.gemspec
I, [2014-04-01T09:53:28.114575 #344760]  INFO -- : 0:  rails (4.0.2) from /var/lib/stickshift/5338b5de5973cac9bb0005e5/app-root/data/lib/ruby/gems/specifications/rails-4.0.2.gemspec
I, [2014-04-01T09:53:28.118341 #344760]  INFO -- : 0:  rdoc (4.1.1) from /usr/libexec/openshift/cartridges/c9-0.1/root/lib/ruby/gems/specifications/rdoc-4.1.1.gemspec
I, [2014-04-01T09:53:28.126715 #344760]  INFO -- : 0:  sass (3.2.18) from /var/lib/stickshift/5338b5de5973cac9bb0005e5/app-root/data/lib/ruby/gems/specifications/sass-3.2.18.gemspec
I, [2014-04-01T09:53:28.133130 #344760]  INFO -- : 0:  sass-rails (4.0.2) from /var/lib/stickshift/5338b5de5973cac9bb0005e5/app-root/data/lib/ruby/gems/specifications/sass-rails-4.0.2.gemspec
I, [2014-04-01T09:53:28.142267 #344760]  INFO -- : 0:  sdoc (0.4.0) from /usr/libexec/openshift/cartridges/c9-0.1/root/lib/ruby/gems/specifications/sdoc-0.4.0.gemspec
I, [2014-04-01T09:53:28.150386 #344760]  INFO -- : 0:  sqlite3 (1.3.9) from /var/lib/stickshift/5338b5de5973cac9bb0005e5/app-root/data/lib/ruby/gems/specifications/sqlite3-1.3.9.gemspec
I, [2014-04-01T09:53:28.160247 #344760]  INFO -- : 0:  turbolinks (2.2.1) from /var/lib/stickshift/5338b5de5973cac9bb0005e5/app-root/data/lib/ruby/gems/specifications/turbolinks-2.2.1.gemspec
I, [2014-04-01T09:53:28.167003 #344760]  INFO -- : 0:  uglifier (2.5.0) from /var/lib/stickshift/5338b5de5973cac9bb0005e5/app-root/data/lib/ruby/gems/specifications/uglifier-2.5.0.gemspec
I, [2014-04-01T23:46:41.572755 #29883]  INFO -- : 0:  rake (10.2.2) from /var/lib/stickshift/5338b5de5973cac9bb0005e5/app-root/data/lib/ruby/gems/specifications/rake-10.2.2.gemspec
I, [2014-04-01T23:46:41.573530 #29883]  INFO -- : 0:  i18n (0.6.9) from /usr/libexec/openshift/cartridges/c9-0.1/root/lib/ruby/gems/specifications/i18n-0.6.9.gemspec
I, [2014-04-01T23:46:41.577085 #29883]  INFO -- : 0:  minitest (4.7.5) from /usr/libexec/openshift/cartridges/c9-0.1/root/lib/ruby/gems/specifications/minitest-4.7.5.gemspec
I, [2014-04-01T23:46:41.577603 #29883]  INFO -- : 0:  multi_json (1.9.2) from /var/lib/stickshift/5338b5de5973cac9bb0005e5/app-root/data/lib/ruby/gems/specifications/multi_json-1.9.2.gemspec
I, [2014-04-01T23:46:41.578164 #29883]  INFO -- : 0:  atomic (1.1.16) from /var/lib/stickshift/5338b5de5973cac9bb0005e5/app-root/data/lib/ruby/gems/specifications/atomic-1.1.16.gemspec
I, [2014-04-01T23:46:41.578651 #29883]  INFO -- : 0:  thread_safe (0.3.1) from /var/lib/stickshift/5338b5de5973cac9bb0005e5/app-root/data/lib/ruby/gems/specifications/thread_safe-0.3.1.gemspec
I, [2014-04-01T23:46:41.579983 #29883]  INFO -- : 0:  tzinfo (0.3.39) from /var/lib/stickshift/5338b5de5973cac9bb0005e5/app-root/data/lib/ruby/gems/specifications/tzinfo-0.3.39.gemspec
I, [2014-04-01T23:46:41.580880 #29883]  INFO -- : 0:  activesupport (4.0.2) from /var/lib/stickshift/5338b5de5973cac9bb0005e5/app-root/data/lib/ruby/gems/specifications/activesupport-4.0.2.gemspec
I, [2014-04-01T23:46:41.625775 #29883]  INFO -- : 0:  builder (3.1.4) from /usr/libexec/openshift/cartridges/c9-0.1/root/lib/ruby/gems/specifications/builder-3.1.4.gemspec
I, [2014-04-01T23:46:41.626356 #29883]  INFO -- : 0:  erubis (2.7.0) from /usr/libexec/openshift/cartridges/c9-0.1/root/lib/ruby/gems/specifications/erubis-2.7.0.gemspec
I, [2014-04-01T23:46:41.626814 #29883]  INFO -- : 0:  rack (1.5.2) from /usr/libexec/openshift/cartridges/c9-0.1/root/lib/ruby/gems/specifications/rack-1.5.2.gemspec
I, [2014-04-01T23:46:41.627383 #29883]  INFO -- : 0:  rack-test (0.6.2) from /usr/libexec/openshift/cartridges/c9-0.1/root/lib/ruby/gems/specifications/rack-test-0.6.2.gemspec
I, [2014-04-01T23:46:41.627907 #29883]  INFO -- : 0:  actionpack (4.0.2) from /var/lib/stickshift/5338b5de5973cac9bb0005e5/app-root/data/lib/ruby/gems/specifications/actionpack-4.0.2.gemspec
I, [2014-04-01T23:46:41.628560 #29883]  INFO -- : 0:  mime-types (1.25.1) from /usr/libexec/openshift/cartridges/c9-0.1/root/lib/ruby/gems/specifications/mime-types-1.25.1.gemspec
I, [2014-04-01T23:46:41.629133 #29883]  INFO -- : 0:  polyglot (0.3.4) from /var/lib/stickshift/5338b5de5973cac9bb0005e5/app-root/data/lib/ruby/gems/specifications/polyglot-0.3.4.gemspec
I, [2014-04-01T23:46:41.629678 #29883]  INFO -- : 0:  treetop (1.4.15) from /usr/libexec/openshift/cartridges/c9-0.1/root/lib/ruby/gems/specifications/treetop-1.4.15.gemspec
I, [2014-04-01T23:46:41.632360 #29883]  INFO -- : 0:  mail (2.5.4) from /usr/libexec/openshift/cartridges/c9-0.1/root/lib/ruby/gems/specifications/mail-2.5.4.gemspec
I, [2014-04-01T23:46:41.632908 #29883]  INFO -- : 0:  actionmailer (4.0.2) from /var/lib/stickshift/5338b5de5973cac9bb0005e5/app-root/data/lib/ruby/gems/specifications/actionmailer-4.0.2.gemspec
I, [2014-04-01T23:46:41.636335 #29883]  INFO -- : 0:  activemodel (4.0.2) from /var/lib/stickshift/5338b5de5973cac9bb0005e5/app-root/data/lib/ruby/gems/specifications/activemodel-4.0.2.gemspec
I, [2014-04-01T23:46:41.636867 #29883]  INFO -- : 0:  activerecord-deprecated_finders (1.0.3) from /usr/libexec/openshift/cartridges/c9-0.1/root/lib/ruby/gems/specifications/activerecord-deprecated_finders-1.0.3.gemspec
I, [2014-04-01T23:46:41.637494 #29883]  INFO -- : 0:  arel (4.0.2) from /var/lib/stickshift/5338b5de5973cac9bb0005e5/app-root/data/lib/ruby/gems/specifications/arel-4.0.2.gemspec
I, [2014-04-01T23:46:41.638002 #29883]  INFO -- : 0:  activerecord (4.0.2) from /var/lib/stickshift/5338b5de5973cac9bb0005e5/app-root/data/lib/ruby/gems/specifications/activerecord-4.0.2.gemspec
I, [2014-04-01T23:46:41.638581 #29883]  INFO -- : 0:  bundler (1.5.1) from /usr/libexec/openshift/cartridges/c9-0.1/root/lib/ruby/gems/specifications/bundler-1.5.1.gemspec
I, [2014-04-01T23:46:41.639181 #29883]  INFO -- : 0:  coffee-script-source (1.7.0) from /var/lib/stickshift/5338b5de5973cac9bb0005e5/app-root/data/lib/ruby/gems/specifications/coffee-script-source-1.7.0.gemspec
I, [2014-04-01T23:46:41.639663 #29883]  INFO -- : 0:  execjs (2.0.2) from /usr/libexec/openshift/cartridges/c9-0.1/root/lib/ruby/gems/specifications/execjs-2.0.2.gemspec
I, [2014-04-01T23:46:41.643287 #29883]  INFO -- : 0:  coffee-script (2.2.0) from /usr/libexec/openshift/cartridges/c9-0.1/root/lib/ruby/gems/specifications/coffee-script-2.2.0.gemspec
I, [2014-04-01T23:46:41.643935 #29883]  INFO -- : 0:  thor (0.19.1) from /var/lib/stickshift/5338b5de5973cac9bb0005e5/app-root/data/lib/ruby/gems/specifications/thor-0.19.1.gemspec
I, [2014-04-01T23:46:41.644580 #29883]  INFO -- : 0:  railties (4.0.2) from /var/lib/stickshift/5338b5de5973cac9bb0005e5/app-root/data/lib/ruby/gems/specifications/railties-4.0.2.gemspec
I, [2014-04-01T23:46:41.645144 #29883]  INFO -- : 0:  coffee-rails (4.0.1) from /usr/libexec/openshift/cartridges/c9-0.1/root/lib/ruby/gems/specifications/coffee-rails-4.0.1.gemspec
I, [2014-04-01T23:46:41.645603 #29883]  INFO -- : 0:  hike (1.2.3) from /usr/libexec/openshift/cartridges/c9-0.1/root/lib/ruby/gems/specifications/hike-1.2.3.gemspec
I, [2014-04-01T23:46:41.646139 #29883]  INFO -- : 0:  jbuilder (1.5.3) from /usr/libexec/openshift/cartridges/c9-0.1/root/lib/ruby/gems/specifications/jbuilder-1.5.3.gemspec
I, [2014-04-01T23:46:41.646603 #29883]  INFO -- : 0:  jquery-rails (3.1.0) from /var/lib/stickshift/5338b5de5973cac9bb0005e5/app-root/data/lib/ruby/gems/specifications/jquery-rails-3.1.0.gemspec
I, [2014-04-01T23:46:41.650164 #29883]  INFO -- : 0:  json (1.8.1) from /usr/libexec/openshift/cartridges/c9-0.1/root/lib/ruby/gems/specifications/json-1.8.1.gemspec
I, [2014-04-01T23:47:26.947635 #29883]  INFO -- : 0:  pg (0.17.1) from /var/lib/stickshift/5338b5de5973cac9bb0005e5/app-root/data/lib/ruby/gems/specifications/pg-0.17.1.gemspec
I, [2014-04-01T23:47:26.948808 #29883]  INFO -- : 0:  tilt (1.4.1) from /usr/libexec/openshift/cartridges/c9-0.1/root/lib/ruby/gems/specifications/tilt-1.4.1.gemspec
I, [2014-04-01T23:47:26.949348 #29883]  INFO -- : 0:  sprockets (2.11.0) from /var/lib/stickshift/5338b5de5973cac9bb0005e5/app-root/data/lib/ruby/gems/specifications/sprockets-2.11.0.gemspec
I, [2014-04-01T23:47:26.949997 #29883]  INFO -- : 0:  sprockets-rails (2.0.1) from /usr/libexec/openshift/cartridges/c9-0.1/root/lib/ruby/gems/specifications/sprockets-rails-2.0.1.gemspec
I, [2014-04-01T23:47:26.950499 #29883]  INFO -- : 0:  rails (4.0.2) from /var/lib/stickshift/5338b5de5973cac9bb0005e5/app-root/data/lib/ruby/gems/specifications/rails-4.0.2.gemspec
I, [2014-04-01T23:47:26.951077 #29883]  INFO -- : 0:  rdoc (4.1.1) from /usr/libexec/openshift/cartridges/c9-0.1/root/lib/ruby/gems/specifications/rdoc-4.1.1.gemspec
I, [2014-04-01T23:47:26.951546 #29883]  INFO -- : 0:  sass (3.2.18) from /var/lib/stickshift/5338b5de5973cac9bb0005e5/app-root/data/lib/ruby/gems/specifications/sass-3.2.18.gemspec
I, [2014-04-01T23:47:26.952131 #29883]  INFO -- : 0:  sass-rails (4.0.2) from /var/lib/stickshift/5338b5de5973cac9bb0005e5/app-root/data/lib/ruby/gems/specifications/sass-rails-4.0.2.gemspec
I, [2014-04-01T23:47:26.952585 #29883]  INFO -- : 0:  sdoc (0.4.0) from /usr/libexec/openshift/cartridges/c9-0.1/root/lib/ruby/gems/specifications/sdoc-0.4.0.gemspec
I, [2014-04-01T23:47:26.953183 #29883]  INFO -- : 0:  turbolinks (2.2.1) from /var/lib/stickshift/5338b5de5973cac9bb0005e5/app-root/data/lib/ruby/gems/specifications/turbolinks-2.2.1.gemspec
I, [2014-04-01T23:47:26.953692 #29883]  INFO -- : 0:  uglifier (2.5.0) from /var/lib/stickshift/5338b5de5973cac9bb0005e5/app-root/data/lib/ruby/gems/specifications/uglifier-2.5.0.gemspec
I, [2014-04-01T23:50:49.026025 #34080]  INFO -- : 0:  rake (10.2.2) from /var/lib/stickshift/5338b5de5973cac9bb0005e5/app-root/data/lib/ruby/gems/specifications/rake-10.2.2.gemspec
I, [2014-04-01T23:50:49.026765 #34080]  INFO -- : 0:  i18n (0.6.9) from /usr/libexec/openshift/cartridges/c9-0.1/root/lib/ruby/gems/specifications/i18n-0.6.9.gemspec
I, [2014-04-01T23:50:49.034389 #34080]  INFO -- : 0:  minitest (4.7.5) from /usr/libexec/openshift/cartridges/c9-0.1/root/lib/ruby/gems/specifications/minitest-4.7.5.gemspec
I, [2014-04-01T23:50:49.046994 #34080]  INFO -- : 0:  multi_json (1.9.2) from /var/lib/stickshift/5338b5de5973cac9bb0005e5/app-root/data/lib/ruby/gems/specifications/multi_json-1.9.2.gemspec
I, [2014-04-01T23:50:49.047534 #34080]  INFO -- : 0:  atomic (1.1.16) from /var/lib/stickshift/5338b5de5973cac9bb0005e5/app-root/data/lib/ruby/gems/specifications/atomic-1.1.16.gemspec
I, [2014-04-01T23:50:49.049830 #34080]  INFO -- : 0:  thread_safe (0.3.1) from /var/lib/stickshift/5338b5de5973cac9bb0005e5/app-root/data/lib/ruby/gems/specifications/thread_safe-0.3.1.gemspec
I, [2014-04-01T23:50:49.050280 #34080]  INFO -- : 0:  tzinfo (0.3.39) from /var/lib/stickshift/5338b5de5973cac9bb0005e5/app-root/data/lib/ruby/gems/specifications/tzinfo-0.3.39.gemspec
I, [2014-04-01T23:50:49.050744 #34080]  INFO -- : 0:  activesupport (4.0.2) from /var/lib/stickshift/5338b5de5973cac9bb0005e5/app-root/data/lib/ruby/gems/specifications/activesupport-4.0.2.gemspec
I, [2014-04-01T23:50:49.051342 #34080]  INFO -- : 0:  builder (3.1.4) from /usr/libexec/openshift/cartridges/c9-0.1/root/lib/ruby/gems/specifications/builder-3.1.4.gemspec
I, [2014-04-01T23:50:49.056351 #34080]  INFO -- : 0:  erubis (2.7.0) from /usr/libexec/openshift/cartridges/c9-0.1/root/lib/ruby/gems/specifications/erubis-2.7.0.gemspec
I, [2014-04-01T23:50:49.056972 #34080]  INFO -- : 0:  rack (1.5.2) from /usr/libexec/openshift/cartridges/c9-0.1/root/lib/ruby/gems/specifications/rack-1.5.2.gemspec
I, [2014-04-01T23:50:49.057438 #34080]  INFO -- : 0:  rack-test (0.6.2) from /usr/libexec/openshift/cartridges/c9-0.1/root/lib/ruby/gems/specifications/rack-test-0.6.2.gemspec
I, [2014-04-01T23:50:49.059272 #34080]  INFO -- : 0:  actionpack (4.0.2) from /var/lib/stickshift/5338b5de5973cac9bb0005e5/app-root/data/lib/ruby/gems/specifications/actionpack-4.0.2.gemspec
I, [2014-04-01T23:50:49.062687 #34080]  INFO -- : 0:  mime-types (1.25.1) from /usr/libexec/openshift/cartridges/c9-0.1/root/lib/ruby/gems/specifications/mime-types-1.25.1.gemspec
I, [2014-04-01T23:50:49.063283 #34080]  INFO -- : 0:  polyglot (0.3.4) from /var/lib/stickshift/5338b5de5973cac9bb0005e5/app-root/data/lib/ruby/gems/specifications/polyglot-0.3.4.gemspec
I, [2014-04-01T23:50:49.063736 #34080]  INFO -- : 0:  treetop (1.4.15) from /usr/libexec/openshift/cartridges/c9-0.1/root/lib/ruby/gems/specifications/treetop-1.4.15.gemspec
I, [2014-04-01T23:50:49.064292 #34080]  INFO -- : 0:  mail (2.5.4) from /usr/libexec/openshift/cartridges/c9-0.1/root/lib/ruby/gems/specifications/mail-2.5.4.gemspec
I, [2014-04-01T23:50:49.064747 #34080]  INFO -- : 0:  actionmailer (4.0.2) from /var/lib/stickshift/5338b5de5973cac9bb0005e5/app-root/data/lib/ruby/gems/specifications/actionmailer-4.0.2.gemspec
I, [2014-04-01T23:50:49.067482 #34080]  INFO -- : 0:  activemodel (4.0.2) from /var/lib/stickshift/5338b5de5973cac9bb0005e5/app-root/data/lib/ruby/gems/specifications/activemodel-4.0.2.gemspec
I, [2014-04-01T23:50:49.068006 #34080]  INFO -- : 0:  activerecord-deprecated_finders (1.0.3) from /usr/libexec/openshift/cartridges/c9-0.1/root/lib/ruby/gems/specifications/activerecord-deprecated_finders-1.0.3.gemspec
I, [2014-04-01T23:50:49.068449 #34080]  INFO -- : 0:  arel (4.0.2) from /var/lib/stickshift/5338b5de5973cac9bb0005e5/app-root/data/lib/ruby/gems/specifications/arel-4.0.2.gemspec
I, [2014-04-01T23:50:49.223211 #34080]  INFO -- : 0:  activerecord (4.0.2) from /var/lib/stickshift/5338b5de5973cac9bb0005e5/app-root/data/lib/ruby/gems/specifications/activerecord-4.0.2.gemspec
I, [2014-04-01T23:50:49.223651 #34080]  INFO -- : 0:  bundler (1.5.1) from /usr/libexec/openshift/cartridges/c9-0.1/root/lib/ruby/gems/specifications/bundler-1.5.1.gemspec
I, [2014-04-01T23:50:49.224474 #34080]  INFO -- : 0:  coffee-script-source (1.7.0) from /var/lib/stickshift/5338b5de5973cac9bb0005e5/app-root/data/lib/ruby/gems/specifications/coffee-script-source-1.7.0.gemspec
I, [2014-04-01T23:50:49.225070 #34080]  INFO -- : 0:  execjs (2.0.2) from /usr/libexec/openshift/cartridges/c9-0.1/root/lib/ruby/gems/specifications/execjs-2.0.2.gemspec
I, [2014-04-01T23:50:49.228296 #34080]  INFO -- : 0:  coffee-script (2.2.0) from /usr/libexec/openshift/cartridges/c9-0.1/root/lib/ruby/gems/specifications/coffee-script-2.2.0.gemspec
I, [2014-04-01T23:50:49.228960 #34080]  INFO -- : 0:  thor (0.19.1) from /var/lib/stickshift/5338b5de5973cac9bb0005e5/app-root/data/lib/ruby/gems/specifications/thor-0.19.1.gemspec
I, [2014-04-01T23:50:49.229503 #34080]  INFO -- : 0:  railties (4.0.2) from /var/lib/stickshift/5338b5de5973cac9bb0005e5/app-root/data/lib/ruby/gems/specifications/railties-4.0.2.gemspec
I, [2014-04-01T23:50:49.230075 #34080]  INFO -- : 0:  coffee-rails (4.0.1) from /usr/libexec/openshift/cartridges/c9-0.1/root/lib/ruby/gems/specifications/coffee-rails-4.0.1.gemspec
I, [2014-04-01T23:50:49.230549 #34080]  INFO -- : 0:  hike (1.2.3) from /usr/libexec/openshift/cartridges/c9-0.1/root/lib/ruby/gems/specifications/hike-1.2.3.gemspec
I, [2014-04-01T23:50:49.231113 #34080]  INFO -- : 0:  jbuilder (1.5.3) from /usr/libexec/openshift/cartridges/c9-0.1/root/lib/ruby/gems/specifications/jbuilder-1.5.3.gemspec
I, [2014-04-01T23:50:49.231593 #34080]  INFO -- : 0:  jquery-rails (3.1.0) from /var/lib/stickshift/5338b5de5973cac9bb0005e5/app-root/data/lib/ruby/gems/specifications/jquery-rails-3.1.0.gemspec
I, [2014-04-01T23:50:49.232163 #34080]  INFO -- : 0:  json (1.8.1) from /usr/libexec/openshift/cartridges/c9-0.1/root/lib/ruby/gems/specifications/json-1.8.1.gemspec
I, [2014-04-01T23:50:49.232629 #34080]  INFO -- : 0:  pg (0.17.1) from /var/lib/stickshift/5338b5de5973cac9bb0005e5/app-root/data/lib/ruby/gems/specifications/pg-0.17.1.gemspec
I, [2014-04-01T23:50:49.233205 #34080]  INFO -- : 0:  tilt (1.4.1) from /usr/libexec/openshift/cartridges/c9-0.1/root/lib/ruby/gems/specifications/tilt-1.4.1.gemspec
I, [2014-04-01T23:50:49.233682 #34080]  INFO -- : 0:  sprockets (2.11.0) from /var/lib/stickshift/5338b5de5973cac9bb0005e5/app-root/data/lib/ruby/gems/specifications/sprockets-2.11.0.gemspec
I, [2014-04-01T23:50:49.234283 #34080]  INFO -- : 0:  sprockets-rails (2.0.1) from /usr/libexec/openshift/cartridges/c9-0.1/root/lib/ruby/gems/specifications/sprockets-rails-2.0.1.gemspec
I, [2014-04-01T23:50:49.234857 #34080]  INFO -- : 0:  rails (4.0.2) from /var/lib/stickshift/5338b5de5973cac9bb0005e5/app-root/data/lib/ruby/gems/specifications/rails-4.0.2.gemspec
I, [2014-04-01T23:50:49.235356 #34080]  INFO -- : 0:  rdoc (4.1.1) from /usr/libexec/openshift/cartridges/c9-0.1/root/lib/ruby/gems/specifications/rdoc-4.1.1.gemspec
I, [2014-04-01T23:50:49.235922 #34080]  INFO -- : 0:  sass (3.2.18) from /var/lib/stickshift/5338b5de5973cac9bb0005e5/app-root/data/lib/ruby/gems/specifications/sass-3.2.18.gemspec
I, [2014-04-01T23:50:49.236417 #34080]  INFO -- : 0:  sass-rails (4.0.2) from /var/lib/stickshift/5338b5de5973cac9bb0005e5/app-root/data/lib/ruby/gems/specifications/sass-rails-4.0.2.gemspec
I, [2014-04-01T23:50:49.239050 #34080]  INFO -- : 0:  sdoc (0.4.0) from /usr/libexec/openshift/cartridges/c9-0.1/root/lib/ruby/gems/specifications/sdoc-0.4.0.gemspec
I, [2014-04-01T23:50:49.239608 #34080]  INFO -- : 0:  turbolinks (2.2.1) from /var/lib/stickshift/5338b5de5973cac9bb0005e5/app-root/data/lib/ruby/gems/specifications/turbolinks-2.2.1.gemspec
I, [2014-04-01T23:50:49.240218 #34080]  INFO -- : 0:  uglifier (2.5.0) from /var/lib/stickshift/5338b5de5973cac9bb0005e5/app-root/data/lib/ruby/gems/specifications/uglifier-2.5.0.gemspec
